2021-07-01 09:52:40,654 [Worker-2: Loading available Gradle versions] INFO  o.e.b.c.i.u.g.PublishedGradleVersions - Gradle version information cache is up-to-date. Trying to read.
2021-07-01 09:56:22,222 [Worker-2: Loading available Gradle versions] INFO  o.e.b.c.i.u.g.PublishedGradleVersions - Gradle version information cache is up-to-date. Trying to read.
2021-07-01 10:01:42,092 [Worker-5: Loading available Gradle versions] INFO  o.e.b.c.i.u.g.PublishedGradleVersions - Gradle version information cache is up-to-date. Trying to read.
2021-07-01 10:18:28,289 [Worker-4: Importing Maven projects] INFO  o.e.m.c.i.l.LifecycleMappingFactory - Using org.eclipse.m2e.jdt.JarLifecycleMapping lifecycle mapping for MavenProject: sp5:sp5-chap02:0.0.1-SNAPSHOT @ C:\Users\qkdlf\Project\back-end\Spring5\spring5fs\sp5-chap02\pom.xml.
2021-07-01 10:18:29,658 [Worker-4: Importing Maven projects] INFO  o.e.m.j.i.AbstractJavaProjectConfigurator - Adding source folder /sp5-chap02/src/main/java
2021-07-01 10:18:29,660 [Worker-4: Importing Maven projects] INFO  o.e.m.j.i.AbstractJavaProjectConfigurator - Adding source folder /sp5-chap02/src/test/java
2021-07-01 10:18:31,210 [Worker-4: Importing Maven projects] INFO  o.e.m.c.i.p.ProjectConfigurationManager - Imported and configured 1 project(s) in 5 sec
2021-07-01 10:18:32,030 [Worker-20: Building workspace] WARN  o.e.m.c.i.embedder.EclipseLogger - Using platform encoding (MS949 actually) to copy filtered resources, i.e. build is platform dependent!
2021-07-01 10:18:32,035 [Worker-20: Building workspace] INFO  o.e.m.c.i.embedder.EclipseLogger - skip non existing resourceDirectory C:\Users\qkdlf\Project\back-end\Spring5\spring5fs\sp5-chap02\src\main\resources
2021-07-01 10:18:32,041 [Worker-20: Building workspace] WARN  o.e.m.c.i.embedder.EclipseLogger - Using platform encoding (MS949 actually) to copy filtered resources, i.e. build is platform dependent!
2021-07-01 10:18:32,042 [Worker-20: Building workspace] INFO  o.e.m.c.i.embedder.EclipseLogger - skip non existing resourceDirectory C:\Users\qkdlf\Project\back-end\Spring5\spring5fs\sp5-chap02\src\test\resources
2021-07-01 14:05:47,666 [Worker-3: Loading available Gradle versions] INFO  o.e.b.c.i.u.g.PublishedGradleVersions - Gradle version information cache is out-of-date. Trying to update.
2021-07-01 14:05:55,662 [Worker-0: Building workspace] WARN  o.e.m.c.i.embedder.EclipseLogger - Using platform encoding (MS949 actually) to copy filtered resources, i.e. build is platform dependent!
2021-07-01 14:05:55,668 [Worker-0: Building workspace] INFO  o.e.m.c.i.embedder.EclipseLogger - skip non existing resourceDirectory C:\Users\qkdlf\Project\back-end\Spring5\spring5fs\sp5-chap02\src\main\resources
2021-07-01 14:05:55,670 [Worker-0: Building workspace] WARN  o.e.m.c.i.embedder.EclipseLogger - Using platform encoding (MS949 actually) to copy filtered resources, i.e. build is platform dependent!
2021-07-01 14:05:55,674 [Worker-0: Building workspace] INFO  o.e.m.c.i.embedder.EclipseLogger - skip non existing resourceDirectory C:\Users\qkdlf\Project\back-end\Spring5\spring5fs\sp5-chap02\src\test\resources
2021-07-01 14:06:07,219 [Worker-10: Building workspace] WARN  o.e.m.c.i.embedder.EclipseLogger - Using platform encoding (MS949 actually) to copy filtered resources, i.e. build is platform dependent!
2021-07-01 14:06:07,228 [Worker-10: Building workspace] INFO  o.e.m.c.i.embedder.EclipseLogger - skip non existing resourceDirectory C:\Users\qkdlf\Project\back-end\Spring5\spring5fs\sp5-chap02\src\main\resources
2021-07-01 14:06:07,235 [Worker-10: Building workspace] WARN  o.e.m.c.i.embedder.EclipseLogger - Using platform encoding (MS949 actually) to copy filtered resources, i.e. build is platform dependent!
2021-07-01 14:06:07,237 [Worker-10: Building workspace] INFO  o.e.m.c.i.embedder.EclipseLogger - skip non existing resourceDirectory C:\Users\qkdlf\Project\back-end\Spring5\spring5fs\sp5-chap02\src\test\resources
2021-07-01 14:07:27,367 [Worker-9: Building workspace] WARN  o.e.m.c.i.embedder.EclipseLogger - Using platform encoding (MS949 actually) to copy filtered resources, i.e. build is platform dependent!
2021-07-01 14:07:27,369 [Worker-9: Building workspace] INFO  o.e.m.c.i.embedder.EclipseLogger - skip non existing resourceDirectory C:\Users\qkdlf\Project\back-end\Spring5\spring5fs\sp5-chap02\src\main\resources
2021-07-01 14:07:27,371 [Worker-9: Building workspace] WARN  o.e.m.c.i.embedder.EclipseLogger - Using platform encoding (MS949 actually) to copy filtered resources, i.e. build is platform dependent!
2021-07-01 14:07:27,372 [Worker-9: Building workspace] INFO  o.e.m.c.i.embedder.EclipseLogger - skip non existing resourceDirectory C:\Users\qkdlf\Project\back-end\Spring5\spring5fs\sp5-chap02\src\test\resources
2021-07-01 14:13:04,116 [Worker-4: Building workspace] WARN  o.e.m.c.i.embedder.EclipseLogger - Using platform encoding (MS949 actually) to copy filtered resources, i.e. build is platform dependent!
2021-07-01 14:13:04,121 [Worker-4: Building workspace] INFO  o.e.m.c.i.embedder.EclipseLogger - skip non existing resourceDirectory C:\Users\qkdlf\Project\back-end\Spring5\spring5fs\sp5-chap02\src\main\resources
2021-07-01 14:13:04,123 [Worker-4: Building workspace] WARN  o.e.m.c.i.embedder.EclipseLogger - Using platform encoding (MS949 actually) to copy filtered resources, i.e. build is platform dependent!
2021-07-01 14:13:04,125 [Worker-4: Building workspace] INFO  o.e.m.c.i.embedder.EclipseLogger - skip non existing resourceDirectory C:\Users\qkdlf\Project\back-end\Spring5\spring5fs\sp5-chap02\src\test\resources
2021-07-01 14:13:33,938 [Worker-16: Building workspace] WARN  o.e.m.c.i.embedder.EclipseLogger - Using platform encoding (MS949 actually) to copy filtered resources, i.e. build is platform dependent!
2021-07-01 14:13:33,939 [Worker-16: Building workspace] INFO  o.e.m.c.i.embedder.EclipseLogger - skip non existing resourceDirectory C:\Users\qkdlf\Project\back-end\Spring5\spring5fs\sp5-chap02\src\main\resources
2021-07-01 14:13:33,940 [Worker-16: Building workspace] WARN  o.e.m.c.i.embedder.EclipseLogger - Using platform encoding (MS949 actually) to copy filtered resources, i.e. build is platform dependent!
2021-07-01 14:13:33,942 [Worker-16: Building workspace] INFO  o.e.m.c.i.embedder.EclipseLogger - skip non existing resourceDirectory C:\Users\qkdlf\Project\back-end\Spring5\spring5fs\sp5-chap02\src\test\resources
2021-07-01 14:13:48,998 [Worker-18: Building workspace] WARN  o.e.m.c.i.embedder.EclipseLogger - Using platform encoding (MS949 actually) to copy filtered resources, i.e. build is platform dependent!
2021-07-01 14:13:49,000 [Worker-18: Building workspace] INFO  o.e.m.c.i.embedder.EclipseLogger - skip non existing resourceDirectory C:\Users\qkdlf\Project\back-end\Spring5\spring5fs\sp5-chap02\src\main\resources
2021-07-01 14:13:49,001 [Worker-18: Building workspace] WARN  o.e.m.c.i.embedder.EclipseLogger - Using platform encoding (MS949 actually) to copy filtered resources, i.e. build is platform dependent!
2021-07-01 14:13:49,002 [Worker-18: Building workspace] INFO  o.e.m.c.i.embedder.EclipseLogger - skip non existing resourceDirectory C:\Users\qkdlf\Project\back-end\Spring5\spring5fs\sp5-chap02\src\test\resources
2021-07-01 14:14:30,742 [Worker-4: Building workspace] WARN  o.e.m.c.i.embedder.EclipseLogger - Using platform encoding (MS949 actually) to copy filtered resources, i.e. build is platform dependent!
2021-07-01 14:14:30,745 [Worker-4: Building workspace] INFO  o.e.m.c.i.embedder.EclipseLogger - skip non existing resourceDirectory C:\Users\qkdlf\Project\back-end\Spring5\spring5fs\sp5-chap02\src\main\resources
2021-07-01 14:14:30,748 [Worker-4: Building workspace] WARN  o.e.m.c.i.embedder.EclipseLogger - Using platform encoding (MS949 actually) to copy filtered resources, i.e. build is platform dependent!
2021-07-01 14:14:30,752 [Worker-4: Building workspace] INFO  o.e.m.c.i.embedder.EclipseLogger - skip non existing resourceDirectory C:\Users\qkdlf\Project\back-end\Spring5\spring5fs\sp5-chap02\src\test\resources
2021-07-01 14:15:33,529 [Worker-4: Building workspace] WARN  o.e.m.c.i.embedder.EclipseLogger - Using platform encoding (MS949 actually) to copy filtered resources, i.e. build is platform dependent!
2021-07-01 14:15:33,531 [Worker-4: Building workspace] INFO  o.e.m.c.i.embedder.EclipseLogger - skip non existing resourceDirectory C:\Users\qkdlf\Project\back-end\Spring5\spring5fs\sp5-chap02\src\main\resources
2021-07-01 14:15:33,534 [Worker-4: Building workspace] WARN  o.e.m.c.i.embedder.EclipseLogger - Using platform encoding (MS949 actually) to copy filtered resources, i.e. build is platform dependent!
2021-07-01 14:15:33,536 [Worker-4: Building workspace] INFO  o.e.m.c.i.embedder.EclipseLogger - skip non existing resourceDirectory C:\Users\qkdlf\Project\back-end\Spring5\spring5fs\sp5-chap02\src\test\resources
2021-07-01 14:15:59,954 [Worker-15: Building workspace] WARN  o.e.m.c.i.embedder.EclipseLogger - Using platform encoding (MS949 actually) to copy filtered resources, i.e. build is platform dependent!
2021-07-01 14:15:59,955 [Worker-15: Building workspace] INFO  o.e.m.c.i.embedder.EclipseLogger - skip non existing resourceDirectory C:\Users\qkdlf\Project\back-end\Spring5\spring5fs\sp5-chap02\src\main\resources
2021-07-01 14:15:59,957 [Worker-15: Building workspace] WARN  o.e.m.c.i.embedder.EclipseLogger - Using platform encoding (MS949 actually) to copy filtered resources, i.e. build is platform dependent!
2021-07-01 14:15:59,958 [Worker-15: Building workspace] INFO  o.e.m.c.i.embedder.EclipseLogger - skip non existing resourceDirectory C:\Users\qkdlf\Project\back-end\Spring5\spring5fs\sp5-chap02\src\test\resources
2021-07-01 14:16:28,857 [Worker-18: Building workspace] WARN  o.e.m.c.i.embedder.EclipseLogger - Using platform encoding (MS949 actually) to copy filtered resources, i.e. build is platform dependent!
2021-07-01 14:16:28,859 [Worker-18: Building workspace] INFO  o.e.m.c.i.embedder.EclipseLogger - skip non existing resourceDirectory C:\Users\qkdlf\Project\back-end\Spring5\spring5fs\sp5-chap02\src\main\resources
2021-07-01 14:16:28,860 [Worker-18: Building workspace] WARN  o.e.m.c.i.embedder.EclipseLogger - Using platform encoding (MS949 actually) to copy filtered resources, i.e. build is platform dependent!
2021-07-01 14:16:28,862 [Worker-18: Building workspace] INFO  o.e.m.c.i.embedder.EclipseLogger - skip non existing resourceDirectory C:\Users\qkdlf\Project\back-end\Spring5\spring5fs\sp5-chap02\src\test\resources
2021-07-01 14:17:03,866 [Worker-15: Building workspace] WARN  o.e.m.c.i.embedder.EclipseLogger - Using platform encoding (MS949 actually) to copy filtered resources, i.e. build is platform dependent!
2021-07-01 14:17:03,867 [Worker-15: Building workspace] INFO  o.e.m.c.i.embedder.EclipseLogger - skip non existing resourceDirectory C:\Users\qkdlf\Project\back-end\Spring5\spring5fs\sp5-chap02\src\main\resources
2021-07-01 14:17:03,868 [Worker-15: Building workspace] WARN  o.e.m.c.i.embedder.EclipseLogger - Using platform encoding (MS949 actually) to copy filtered resources, i.e. build is platform dependent!
2021-07-01 14:17:03,870 [Worker-15: Building workspace] INFO  o.e.m.c.i.embedder.EclipseLogger - skip non existing resourceDirectory C:\Users\qkdlf\Project\back-end\Spring5\spring5fs\sp5-chap02\src\test\resources
2021-07-01 14:17:51,119 [Worker-4: Building workspace] WARN  o.e.m.c.i.embedder.EclipseLogger - Using platform encoding (MS949 actually) to copy filtered resources, i.e. build is platform dependent!
2021-07-01 14:17:51,119 [Worker-4: Building workspace] INFO  o.e.m.c.i.embedder.EclipseLogger - skip non existing resourceDirectory C:\Users\qkdlf\Project\back-end\Spring5\spring5fs\sp5-chap02\src\main\resources
2021-07-01 14:17:51,119 [Worker-4: Building workspace] WARN  o.e.m.c.i.embedder.EclipseLogger - Using platform encoding (MS949 actually) to copy filtered resources, i.e. build is platform dependent!
2021-07-01 14:17:51,119 [Worker-4: Building workspace] INFO  o.e.m.c.i.embedder.EclipseLogger - skip non existing resourceDirectory C:\Users\qkdlf\Project\back-end\Spring5\spring5fs\sp5-chap02\src\test\resources
2021-07-01 14:18:24,317 [Worker-15: Building workspace] WARN  o.e.m.c.i.embedder.EclipseLogger - Using platform encoding (MS949 actually) to copy filtered resources, i.e. build is platform dependent!
2021-07-01 14:18:24,317 [Worker-15: Building workspace] INFO  o.e.m.c.i.embedder.EclipseLogger - skip non existing resourceDirectory C:\Users\qkdlf\Project\back-end\Spring5\spring5fs\sp5-chap02\src\main\resources
2021-07-01 14:18:24,317 [Worker-15: Building workspace] WARN  o.e.m.c.i.embedder.EclipseLogger - Using platform encoding (MS949 actually) to copy filtered resources, i.e. build is platform dependent!
2021-07-01 14:18:24,317 [Worker-15: Building workspace] INFO  o.e.m.c.i.embedder.EclipseLogger - skip non existing resourceDirectory C:\Users\qkdlf\Project\back-end\Spring5\spring5fs\sp5-chap02\src\test\resources
2021-07-01 14:18:55,045 [Worker-15: Building workspace] WARN  o.e.m.c.i.embedder.EclipseLogger - Using platform encoding (MS949 actually) to copy filtered resources, i.e. build is platform dependent!
2021-07-01 14:18:55,045 [Worker-15: Building workspace] INFO  o.e.m.c.i.embedder.EclipseLogger - skip non existing resourceDirectory C:\Users\qkdlf\Project\back-end\Spring5\spring5fs\sp5-chap02\src\main\resources
2021-07-01 14:18:55,045 [Worker-15: Building workspace] WARN  o.e.m.c.i.embedder.EclipseLogger - Using platform encoding (MS949 actually) to copy filtered resources, i.e. build is platform dependent!
2021-07-01 14:18:55,045 [Worker-15: Building workspace] INFO  o.e.m.c.i.embedder.EclipseLogger - skip non existing resourceDirectory C:\Users\qkdlf\Project\back-end\Spring5\spring5fs\sp5-chap02\src\test\resources
2021-07-01 14:19:31,220 [Worker-20: Building workspace] WARN  o.e.m.c.i.embedder.EclipseLogger - Using platform encoding (MS949 actually) to copy filtered resources, i.e. build is platform dependent!
2021-07-01 14:19:31,222 [Worker-20: Building workspace] INFO  o.e.m.c.i.embedder.EclipseLogger - skip non existing resourceDirectory C:\Users\qkdlf\Project\back-end\Spring5\spring5fs\sp5-chap02\src\main\resources
2021-07-01 14:19:31,224 [Worker-20: Building workspace] WARN  o.e.m.c.i.embedder.EclipseLogger - Using platform encoding (MS949 actually) to copy filtered resources, i.e. build is platform dependent!
2021-07-01 14:19:31,226 [Worker-20: Building workspace] INFO  o.e.m.c.i.embedder.EclipseLogger - skip non existing resourceDirectory C:\Users\qkdlf\Project\back-end\Spring5\spring5fs\sp5-chap02\src\test\resources
2021-07-01 14:19:59,998 [Worker-18: Building workspace] WARN  o.e.m.c.i.embedder.EclipseLogger - Using platform encoding (MS949 actually) to copy filtered resources, i.e. build is platform dependent!
2021-07-01 14:20:00,014 [Worker-18: Building workspace] INFO  o.e.m.c.i.embedder.EclipseLogger - skip non existing resourceDirectory C:\Users\qkdlf\Project\back-end\Spring5\spring5fs\sp5-chap02\src\main\resources
2021-07-01 14:20:00,014 [Worker-18: Building workspace] WARN  o.e.m.c.i.embedder.EclipseLogger - Using platform encoding (MS949 actually) to copy filtered resources, i.e. build is platform dependent!
2021-07-01 14:20:00,014 [Worker-18: Building workspace] INFO  o.e.m.c.i.embedder.EclipseLogger - skip non existing resourceDirectory C:\Users\qkdlf\Project\back-end\Spring5\spring5fs\sp5-chap02\src\test\resources
2021-07-01 14:24:32,969 [Worker-19: Building workspace] WARN  o.e.m.c.i.embedder.EclipseLogger - Using platform encoding (MS949 actually) to copy filtered resources, i.e. build is platform dependent!
2021-07-01 14:24:32,969 [Worker-19: Building workspace] INFO  o.e.m.c.i.embedder.EclipseLogger - skip non existing resourceDirectory C:\Users\qkdlf\Project\back-end\Spring5\spring5fs\sp5-chap02\src\main\resources
2021-07-01 14:24:32,985 [Worker-19: Building workspace] WARN  o.e.m.c.i.embedder.EclipseLogger - Using platform encoding (MS949 actually) to copy filtered resources, i.e. build is platform dependent!
2021-07-01 14:24:32,985 [Worker-19: Building workspace] INFO  o.e.m.c.i.embedder.EclipseLogger - skip non existing resourceDirectory C:\Users\qkdlf\Project\back-end\Spring5\spring5fs\sp5-chap02\src\test\resources
2021-07-01 14:24:38,785 [Worker-18: Building workspace] WARN  o.e.m.c.i.embedder.EclipseLogger - Using platform encoding (MS949 actually) to copy filtered resources, i.e. build is platform dependent!
2021-07-01 14:24:38,785 [Worker-18: Building workspace] INFO  o.e.m.c.i.embedder.EclipseLogger - skip non existing resourceDirectory C:\Users\qkdlf\Project\back-end\Spring5\spring5fs\sp5-chap02\src\main\resources
2021-07-01 14:24:38,785 [Worker-18: Building workspace] WARN  o.e.m.c.i.embedder.EclipseLogger - Using platform encoding (MS949 actually) to copy filtered resources, i.e. build is platform dependent!
2021-07-01 14:24:38,800 [Worker-18: Building workspace] INFO  o.e.m.c.i.embedder.EclipseLogger - skip non existing resourceDirectory C:\Users\qkdlf\Project\back-end\Spring5\spring5fs\sp5-chap02\src\test\resources
2021-07-01 14:24:42,696 [Worker-19: Building workspace] WARN  o.e.m.c.i.embedder.EclipseLogger - Using platform encoding (MS949 actually) to copy filtered resources, i.e. build is platform dependent!
2021-07-01 14:24:42,696 [Worker-19: Building workspace] INFO  o.e.m.c.i.embedder.EclipseLogger - skip non existing resourceDirectory C:\Users\qkdlf\Project\back-end\Spring5\spring5fs\sp5-chap02\src\main\resources
2021-07-01 14:24:42,696 [Worker-19: Building workspace] WARN  o.e.m.c.i.embedder.EclipseLogger - Using platform encoding (MS949 actually) to copy filtered resources, i.e. build is platform dependent!
2021-07-01 14:24:42,696 [Worker-19: Building workspace] INFO  o.e.m.c.i.embedder.EclipseLogger - skip non existing resourceDirectory C:\Users\qkdlf\Project\back-end\Spring5\spring5fs\sp5-chap02\src\test\resources
2021-07-01 14:25:25,112 [Worker-3: Loading available Gradle versions] INFO  o.e.b.c.i.u.g.PublishedGradleVersions - Gradle version information cache is up-to-date. Trying to read.
2021-07-01 14:26:27,804 [Worker-5: Building workspace] WARN  o.e.m.c.i.embedder.EclipseLogger - Using platform encoding (MS949 actually) to copy filtered resources, i.e. build is platform dependent!
2021-07-01 14:26:27,807 [Worker-5: Building workspace] INFO  o.e.m.c.i.embedder.EclipseLogger - skip non existing resourceDirectory C:\Users\qkdlf\Project\back-end\Spring5\spring5fs\sp5-chap02\src\main\resources
2021-07-01 14:26:27,808 [Worker-5: Building workspace] WARN  o.e.m.c.i.embedder.EclipseLogger - Using platform encoding (MS949 actually) to copy filtered resources, i.e. build is platform dependent!
2021-07-01 14:26:27,810 [Worker-5: Building workspace] INFO  o.e.m.c.i.embedder.EclipseLogger - skip non existing resourceDirectory C:\Users\qkdlf\Project\back-end\Spring5\spring5fs\sp5-chap02\src\test\resources
2021-07-01 14:29:36,540 [Worker-3: Building workspace] WARN  o.e.m.c.i.embedder.EclipseLogger - Using platform encoding (MS949 actually) to copy filtered resources, i.e. build is platform dependent!
2021-07-01 14:29:36,548 [Worker-3: Building workspace] INFO  o.e.m.c.i.embedder.EclipseLogger - skip non existing resourceDirectory C:\Users\qkdlf\Project\back-end\Spring5\spring5fs\sp5-chap02\src\main\resources
2021-07-01 14:29:36,555 [Worker-3: Building workspace] WARN  o.e.m.c.i.embedder.EclipseLogger - Using platform encoding (MS949 actually) to copy filtered resources, i.e. build is platform dependent!
2021-07-01 14:29:36,557 [Worker-3: Building workspace] INFO  o.e.m.c.i.embedder.EclipseLogger - skip non existing resourceDirectory C:\Users\qkdlf\Project\back-end\Spring5\spring5fs\sp5-chap02\src\test\resources
2021-07-01 14:29:39,866 [Worker-1: Building workspace] WARN  o.e.m.c.i.embedder.EclipseLogger - Using platform encoding (MS949 actually) to copy filtered resources, i.e. build is platform dependent!
2021-07-01 14:29:39,867 [Worker-1: Building workspace] INFO  o.e.m.c.i.embedder.EclipseLogger - skip non existing resourceDirectory C:\Users\qkdlf\Project\back-end\Spring5\spring5fs\sp5-chap02\src\main\resources
2021-07-01 14:29:39,869 [Worker-1: Building workspace] WARN  o.e.m.c.i.embedder.EclipseLogger - Using platform encoding (MS949 actually) to copy filtered resources, i.e. build is platform dependent!
2021-07-01 14:29:39,871 [Worker-1: Building workspace] INFO  o.e.m.c.i.embedder.EclipseLogger - skip non existing resourceDirectory C:\Users\qkdlf\Project\back-end\Spring5\spring5fs\sp5-chap02\src\test\resources
2021-07-01 14:29:46,559 [Worker-3: Building workspace] WARN  o.e.m.c.i.embedder.EclipseLogger - Using platform encoding (MS949 actually) to copy filtered resources, i.e. build is platform dependent!
2021-07-01 14:29:46,561 [Worker-3: Building workspace] INFO  o.e.m.c.i.embedder.EclipseLogger - skip non existing resourceDirectory C:\Users\qkdlf\Project\back-end\Spring5\spring5fs\sp5-chap02\src\main\resources
2021-07-01 14:29:46,563 [Worker-3: Building workspace] WARN  o.e.m.c.i.embedder.EclipseLogger - Using platform encoding (MS949 actually) to copy filtered resources, i.e. build is platform dependent!
2021-07-01 14:29:46,566 [Worker-3: Building workspace] INFO  o.e.m.c.i.embedder.EclipseLogger - skip non existing resourceDirectory C:\Users\qkdlf\Project\back-end\Spring5\spring5fs\sp5-chap02\src\test\resources
2021-07-01 14:31:24,648 [Worker-1: Building workspace] WARN  o.e.m.c.i.embedder.EclipseLogger - Using platform encoding (MS949 actually) to copy filtered resources, i.e. build is platform dependent!
2021-07-01 14:31:24,651 [Worker-1: Building workspace] INFO  o.e.m.c.i.embedder.EclipseLogger - skip non existing resourceDirectory C:\Users\qkdlf\Project\back-end\Spring5\spring5fs\sp5-chap02\src\main\resources
2021-07-01 14:31:24,652 [Worker-1: Building workspace] WARN  o.e.m.c.i.embedder.EclipseLogger - Using platform encoding (MS949 actually) to copy filtered resources, i.e. build is platform dependent!
2021-07-01 14:31:24,654 [Worker-1: Building workspace] INFO  o.e.m.c.i.embedder.EclipseLogger - skip non existing resourceDirectory C:\Users\qkdlf\Project\back-end\Spring5\spring5fs\sp5-chap02\src\test\resources
2021-07-01 14:33:07,270 [Worker-16: Building workspace] WARN  o.e.m.c.i.embedder.EclipseLogger - Using platform encoding (MS949 actually) to copy filtered resources, i.e. build is platform dependent!
2021-07-01 14:33:07,272 [Worker-16: Building workspace] INFO  o.e.m.c.i.embedder.EclipseLogger - skip non existing resourceDirectory C:\Users\qkdlf\Project\back-end\Spring5\spring5fs\sp5-chap02\src\main\resources
2021-07-01 14:33:07,279 [Worker-16: Building workspace] WARN  o.e.m.c.i.embedder.EclipseLogger - Using platform encoding (MS949 actually) to copy filtered resources, i.e. build is platform dependent!
2021-07-01 14:33:07,282 [Worker-16: Building workspace] INFO  o.e.m.c.i.embedder.EclipseLogger - skip non existing resourceDirectory C:\Users\qkdlf\Project\back-end\Spring5\spring5fs\sp5-chap02\src\test\resources
2021-07-01 14:33:33,337 [Worker-3: Building workspace] WARN  o.e.m.c.i.embedder.EclipseLogger - Using platform encoding (MS949 actually) to copy filtered resources, i.e. build is platform dependent!
2021-07-01 14:33:33,340 [Worker-3: Building workspace] INFO  o.e.m.c.i.embedder.EclipseLogger - skip non existing resourceDirectory C:\Users\qkdlf\Project\back-end\Spring5\spring5fs\sp5-chap02\src\main\resources
2021-07-01 14:33:33,342 [Worker-3: Building workspace] WARN  o.e.m.c.i.embedder.EclipseLogger - Using platform encoding (MS949 actually) to copy filtered resources, i.e. build is platform dependent!
2021-07-01 14:33:33,344 [Worker-3: Building workspace] INFO  o.e.m.c.i.embedder.EclipseLogger - skip non existing resourceDirectory C:\Users\qkdlf\Project\back-end\Spring5\spring5fs\sp5-chap02\src\test\resources
2021-07-01 14:46:15,777 [Worker-20: Building workspace] WARN  o.e.m.c.i.embedder.EclipseLogger - Using platform encoding (MS949 actually) to copy filtered resources, i.e. build is platform dependent!
2021-07-01 14:46:15,779 [Worker-20: Building workspace] INFO  o.e.m.c.i.embedder.EclipseLogger - skip non existing resourceDirectory C:\Users\qkdlf\Project\back-end\Spring5\spring5fs\sp5-chap02\src\main\resources
2021-07-01 14:46:15,780 [Worker-20: Building workspace] WARN  o.e.m.c.i.embedder.EclipseLogger - Using platform encoding (MS949 actually) to copy filtered resources, i.e. build is platform dependent!
2021-07-01 14:46:15,782 [Worker-20: Building workspace] INFO  o.e.m.c.i.embedder.EclipseLogger - skip non existing resourceDirectory C:\Users\qkdlf\Project\back-end\Spring5\spring5fs\sp5-chap02\src\test\resources
2021-07-01 14:47:48,817 [Worker-0: Loading available Gradle versions] INFO  o.e.b.c.i.u.g.PublishedGradleVersions - Gradle version information cache is up-to-date. Trying to read.
2021-07-01 14:48:52,565 [Worker-11: Building workspace] WARN  o.e.m.c.i.embedder.EclipseLogger - Using platform encoding (MS949 actually) to copy filtered resources, i.e. build is platform dependent!
2021-07-01 14:48:52,568 [Worker-11: Building workspace] INFO  o.e.m.c.i.embedder.EclipseLogger - skip non existing resourceDirectory C:\Users\qkdlf\Project\back-end\Spring5\spring5fs\sp5-chap02\src\main\resources
2021-07-01 14:48:52,572 [Worker-11: Building workspace] WARN  o.e.m.c.i.embedder.EclipseLogger - Using platform encoding (MS949 actually) to copy filtered resources, i.e. build is platform dependent!
2021-07-01 14:48:52,574 [Worker-11: Building workspace] INFO  o.e.m.c.i.embedder.EclipseLogger - skip non existing resourceDirectory C:\Users\qkdlf\Project\back-end\Spring5\spring5fs\sp5-chap02\src\test\resources
2021-07-01 14:49:03,515 [Worker-4: Building workspace] WARN  o.e.m.c.i.embedder.EclipseLogger - Using platform encoding (MS949 actually) to copy filtered resources, i.e. build is platform dependent!
2021-07-01 14:49:03,517 [Worker-4: Building workspace] INFO  o.e.m.c.i.embedder.EclipseLogger - skip non existing resourceDirectory C:\Users\qkdlf\Project\back-end\Spring5\spring5fs\sp5-chap02\src\main\resources
2021-07-01 14:49:03,519 [Worker-4: Building workspace] WARN  o.e.m.c.i.embedder.EclipseLogger - Using platform encoding (MS949 actually) to copy filtered resources, i.e. build is platform dependent!
2021-07-01 14:49:03,521 [Worker-4: Building workspace] INFO  o.e.m.c.i.embedder.EclipseLogger - skip non existing resourceDirectory C:\Users\qkdlf\Project\back-end\Spring5\spring5fs\sp5-chap02\src\test\resources
2021-07-01 14:51:18,258 [Worker-1: Building workspace] WARN  o.e.m.c.i.embedder.EclipseLogger - Using platform encoding (MS949 actually) to copy filtered resources, i.e. build is platform dependent!
2021-07-01 14:51:18,263 [Worker-1: Building workspace] INFO  o.e.m.c.i.embedder.EclipseLogger - skip non existing resourceDirectory C:\Users\qkdlf\Project\back-end\Spring5\spring5fs\sp5-chap02\src\main\resources
2021-07-01 14:51:18,264 [Worker-1: Building workspace] WARN  o.e.m.c.i.embedder.EclipseLogger - Using platform encoding (MS949 actually) to copy filtered resources, i.e. build is platform dependent!
2021-07-01 14:51:18,267 [Worker-1: Building workspace] INFO  o.e.m.c.i.embedder.EclipseLogger - skip non existing resourceDirectory C:\Users\qkdlf\Project\back-end\Spring5\spring5fs\sp5-chap02\src\test\resources
2021-07-01 14:51:26,147 [Worker-2: Building workspace] WARN  o.e.m.c.i.embedder.EclipseLogger - Using platform encoding (MS949 actually) to copy filtered resources, i.e. build is platform dependent!
2021-07-01 14:51:26,149 [Worker-2: Building workspace] INFO  o.e.m.c.i.embedder.EclipseLogger - skip non existing resourceDirectory C:\Users\qkdlf\Project\back-end\Spring5\spring5fs\sp5-chap02\src\main\resources
2021-07-01 14:51:26,151 [Worker-2: Building workspace] WARN  o.e.m.c.i.embedder.EclipseLogger - Using platform encoding (MS949 actually) to copy filtered resources, i.e. build is platform dependent!
2021-07-01 14:51:26,153 [Worker-2: Building workspace] INFO  o.e.m.c.i.embedder.EclipseLogger - skip non existing resourceDirectory C:\Users\qkdlf\Project\back-end\Spring5\spring5fs\sp5-chap02\src\test\resources
2021-07-01 14:51:54,255 [Worker-7: Building workspace] WARN  o.e.m.c.i.embedder.EclipseLogger - Using platform encoding (MS949 actually) to copy filtered resources, i.e. build is platform dependent!
2021-07-01 14:51:54,256 [Worker-7: Building workspace] INFO  o.e.m.c.i.embedder.EclipseLogger - skip non existing resourceDirectory C:\Users\qkdlf\Project\back-end\Spring5\spring5fs\sp5-chap02\src\main\resources
2021-07-01 14:51:54,258 [Worker-7: Building workspace] WARN  o.e.m.c.i.embedder.EclipseLogger - Using platform encoding (MS949 actually) to copy filtered resources, i.e. build is platform dependent!
2021-07-01 14:51:54,260 [Worker-7: Building workspace] INFO  o.e.m.c.i.embedder.EclipseLogger - skip non existing resourceDirectory C:\Users\qkdlf\Project\back-end\Spring5\spring5fs\sp5-chap02\src\test\resources
2021-07-01 14:53:06,727 [main] INFO  o.e.m.c.i.l.LifecycleMappingFactory - Using org.eclipse.m2e.jdt.JarLifecycleMapping lifecycle mapping for MavenProject: sp5:sp5-chap02:0.0.1-SNAPSHOT @ C:\Users\qkdlf\Project\back-end\Spring5\spring5fs\sp5-chap02\pom.xml.
2021-07-01 14:54:31,945 [Worker-4: Building workspace] WARN  o.e.m.c.i.embedder.EclipseLogger - Using platform encoding (MS949 actually) to copy filtered resources, i.e. build is platform dependent!
2021-07-01 14:54:31,947 [Worker-4: Building workspace] INFO  o.e.m.c.i.embedder.EclipseLogger - skip non existing resourceDirectory C:\Users\qkdlf\Project\back-end\Spring5\spring5fs\sp5-chap02\src\main\resources
2021-07-01 14:54:31,948 [Worker-4: Building workspace] WARN  o.e.m.c.i.embedder.EclipseLogger - Using platform encoding (MS949 actually) to copy filtered resources, i.e. build is platform dependent!
2021-07-01 14:54:31,950 [Worker-4: Building workspace] INFO  o.e.m.c.i.embedder.EclipseLogger - skip non existing resourceDirectory C:\Users\qkdlf\Project\back-end\Spring5\spring5fs\sp5-chap02\src\test\resources
2021-07-01 14:54:32,972 [Worker-3: Building workspace] WARN  o.e.m.c.i.embedder.EclipseLogger - Using platform encoding (MS949 actually) to copy filtered resources, i.e. build is platform dependent!
2021-07-01 14:54:32,974 [Worker-3: Building workspace] INFO  o.e.m.c.i.embedder.EclipseLogger - skip non existing resourceDirectory C:\Users\qkdlf\Project\back-end\Spring5\spring5fs\sp5-chap02\src\main\resources
2021-07-01 14:54:32,975 [Worker-3: Building workspace] WARN  o.e.m.c.i.embedder.EclipseLogger - Using platform encoding (MS949 actually) to copy filtered resources, i.e. build is platform dependent!
2021-07-01 14:54:32,977 [Worker-3: Building workspace] INFO  o.e.m.c.i.embedder.EclipseLogger - skip non existing resourceDirectory C:\Users\qkdlf\Project\back-end\Spring5\spring5fs\sp5-chap02\src\test\resources
2021-07-01 14:55:08,828 [Worker-1: Building workspace] WARN  o.e.m.c.i.embedder.EclipseLogger - Using platform encoding (MS949 actually) to copy filtered resources, i.e. build is platform dependent!
2021-07-01 14:55:08,829 [Worker-1: Building workspace] INFO  o.e.m.c.i.embedder.EclipseLogger - skip non existing resourceDirectory C:\Users\qkdlf\Project\back-end\Spring5\spring5fs\sp5-chap02\src\main\resources
2021-07-01 14:55:08,833 [Worker-1: Building workspace] WARN  o.e.m.c.i.embedder.EclipseLogger - Using platform encoding (MS949 actually) to copy filtered resources, i.e. build is platform dependent!
2021-07-01 14:55:08,835 [Worker-1: Building workspace] INFO  o.e.m.c.i.embedder.EclipseLogger - skip non existing resourceDirectory C:\Users\qkdlf\Project\back-end\Spring5\spring5fs\sp5-chap02\src\test\resources
2021-07-01 15:01:36,432 [Worker-2: Loading available Gradle versions] INFO  o.e.b.c.i.u.g.PublishedGradleVersions - Gradle version information cache is up-to-date. Trying to read.
2021-07-01 15:03:28,864 [Worker-4: Loading available Gradle versions] INFO  o.e.b.c.i.u.g.PublishedGradleVersions - Gradle version information cache is up-to-date. Trying to read.
2021-07-01 15:11:28,715 [Worker-5: Loading available Gradle versions] INFO  o.e.b.c.i.u.g.PublishedGradleVersions - Gradle version information cache is up-to-date. Trying to read.
2021-07-01 15:12:52,660 [Worker-7: Importing Maven projects] INFO  o.e.m.c.i.l.LifecycleMappingFactory - Using org.eclipse.m2e.jdt.JarLifecycleMapping lifecycle mapping for MavenProject: sp5:sp5-chap02:0.0.1-SNAPSHOT @ C:\Users\qkdlf\Project\back-end\Spring5\spring5fs\sp5-chap02\pom.xml.
2021-07-01 15:12:53,919 [Worker-7: Importing Maven projects] INFO  o.e.m.j.i.AbstractJavaProjectConfigurator - Adding source folder /sp5-chap02/src/main/java
2021-07-01 15:12:53,920 [Worker-7: Importing Maven projects] INFO  o.e.m.j.i.AbstractJavaProjectConfigurator - Adding source folder /sp5-chap02/src/test/java
2021-07-01 15:12:54,203 [Worker-7: Importing Maven projects] INFO  o.e.m.c.i.p.ProjectConfigurationManager - Imported and configured 1 project(s) in 3 sec
2021-07-01 15:12:54,811 [Worker-3: Building workspace] WARN  o.e.m.c.i.embedder.EclipseLogger - Using platform encoding (MS949 actually) to copy filtered resources, i.e. build is platform dependent!
2021-07-01 15:12:54,815 [Worker-3: Building workspace] INFO  o.e.m.c.i.embedder.EclipseLogger - skip non existing resourceDirectory C:\Users\qkdlf\Project\back-end\Spring5\spring5fs\sp5-chap02\src\main\resources
2021-07-01 15:12:54,818 [Worker-3: Building workspace] WARN  o.e.m.c.i.embedder.EclipseLogger - Using platform encoding (MS949 actually) to copy filtered resources, i.e. build is platform dependent!
2021-07-01 15:12:54,819 [Worker-3: Building workspace] INFO  o.e.m.c.i.embedder.EclipseLogger - skip non existing resourceDirectory C:\Users\qkdlf\Project\back-end\Spring5\spring5fs\sp5-chap02\src\test\resources
2021-07-01 15:15:53,360 [Worker-6: Building workspace] WARN  o.e.m.c.i.embedder.EclipseLogger - Using platform encoding (MS949 actually) to copy filtered resources, i.e. build is platform dependent!
2021-07-01 15:15:53,362 [Worker-6: Building workspace] INFO  o.e.m.c.i.embedder.EclipseLogger - skip non existing resourceDirectory C:\Users\qkdlf\Project\back-end\Spring5\spring5fs\sp5-chap02\src\main\resources
2021-07-01 15:15:53,363 [Worker-6: Building workspace] WARN  o.e.m.c.i.embedder.EclipseLogger - Using platform encoding (MS949 actually) to copy filtered resources, i.e. build is platform dependent!
2021-07-01 15:15:53,365 [Worker-6: Building workspace] INFO  o.e.m.c.i.embedder.EclipseLogger - skip non existing resourceDirectory C:\Users\qkdlf\Project\back-end\Spring5\spring5fs\sp5-chap02\src\test\resources
2021-07-01 15:16:22,529 [Worker-15: Building workspace] WARN  o.e.m.c.i.embedder.EclipseLogger - Using platform encoding (MS949 actually) to copy filtered resources, i.e. build is platform dependent!
2021-07-01 15:16:22,532 [Worker-15: Building workspace] INFO  o.e.m.c.i.embedder.EclipseLogger - skip non existing resourceDirectory C:\Users\qkdlf\Project\back-end\Spring5\spring5fs\sp5-chap02\src\main\resources
2021-07-01 15:16:22,537 [Worker-15: Building workspace] WARN  o.e.m.c.i.embedder.EclipseLogger - Using platform encoding (MS949 actually) to copy filtered resources, i.e. build is platform dependent!
2021-07-01 15:16:22,538 [Worker-15: Building workspace] INFO  o.e.m.c.i.embedder.EclipseLogger - skip non existing resourceDirectory C:\Users\qkdlf\Project\back-end\Spring5\spring5fs\sp5-chap02\src\test\resources
2021-07-01 15:16:24,067 [Worker-3: Building workspace] WARN  o.e.m.c.i.embedder.EclipseLogger - Using platform encoding (MS949 actually) to copy filtered resources, i.e. build is platform dependent!
2021-07-01 15:16:24,068 [Worker-3: Building workspace] INFO  o.e.m.c.i.embedder.EclipseLogger - skip non existing resourceDirectory C:\Users\qkdlf\Project\back-end\Spring5\spring5fs\sp5-chap02\src\main\resources
2021-07-01 15:16:24,070 [Worker-3: Building workspace] WARN  o.e.m.c.i.embedder.EclipseLogger - Using platform encoding (MS949 actually) to copy filtered resources, i.e. build is platform dependent!
2021-07-01 15:16:24,071 [Worker-3: Building workspace] INFO  o.e.m.c.i.embedder.EclipseLogger - skip non existing resourceDirectory C:\Users\qkdlf\Project\back-end\Spring5\spring5fs\sp5-chap02\src\test\resources
2021-07-01 15:21:56,164 [Worker-18: Building workspace] WARN  o.e.m.c.i.embedder.EclipseLogger - Using platform encoding (MS949 actually) to copy filtered resources, i.e. build is platform dependent!
2021-07-01 15:21:56,169 [Worker-18: Building workspace] INFO  o.e.m.c.i.embedder.EclipseLogger - skip non existing resourceDirectory C:\Users\qkdlf\Project\back-end\Spring5\spring5fs\sp5-chap02\src\main\resources
2021-07-01 15:21:56,172 [Worker-18: Building workspace] WARN  o.e.m.c.i.embedder.EclipseLogger - Using platform encoding (MS949 actually) to copy filtered resources, i.e. build is platform dependent!
2021-07-01 15:21:56,174 [Worker-18: Building workspace] INFO  o.e.m.c.i.embedder.EclipseLogger - skip non existing resourceDirectory C:\Users\qkdlf\Project\back-end\Spring5\spring5fs\sp5-chap02\src\test\resources
2021-07-01 15:30:39,774 [Worker-24: Building workspace] WARN  o.e.m.c.i.embedder.EclipseLogger - Using platform encoding (MS949 actually) to copy filtered resources, i.e. build is platform dependent!
2021-07-01 15:30:39,778 [Worker-24: Building workspace] INFO  o.e.m.c.i.embedder.EclipseLogger - skip non existing resourceDirectory C:\Users\qkdlf\Project\back-end\Spring5\spring5fs\sp5-chap02\src\main\resources
2021-07-01 15:30:39,784 [Worker-24: Building workspace] WARN  o.e.m.c.i.embedder.EclipseLogger - Using platform encoding (MS949 actually) to copy filtered resources, i.e. build is platform dependent!
2021-07-01 15:30:39,786 [Worker-24: Building workspace] INFO  o.e.m.c.i.embedder.EclipseLogger - skip non existing resourceDirectory C:\Users\qkdlf\Project\back-end\Spring5\spring5fs\sp5-chap02\src\test\resources
2021-07-01 15:30:43,159 [Worker-24: Building workspace] WARN  o.e.m.c.i.embedder.EclipseLogger - Using platform encoding (MS949 actually) to copy filtered resources, i.e. build is platform dependent!
2021-07-01 15:30:43,167 [Worker-24: Building workspace] INFO  o.e.m.c.i.embedder.EclipseLogger - skip non existing resourceDirectory C:\Users\qkdlf\Project\back-end\Spring5\spring5fs\sp5-chap02\src\main\resources
2021-07-01 15:30:43,169 [Worker-24: Building workspace] WARN  o.e.m.c.i.embedder.EclipseLogger - Using platform encoding (MS949 actually) to copy filtered resources, i.e. build is platform dependent!
2021-07-01 15:30:43,171 [Worker-24: Building workspace] INFO  o.e.m.c.i.embedder.EclipseLogger - skip non existing resourceDirectory C:\Users\qkdlf\Project\back-end\Spring5\spring5fs\sp5-chap02\src\test\resources
2021-07-01 15:32:57,422 [Worker-2: Loading available Gradle versions] INFO  o.e.b.c.i.u.g.PublishedGradleVersions - Gradle version information cache is up-to-date. Trying to read.
2021-07-01 15:40:06,179 [Worker-2: Loading available Gradle versions] INFO  o.e.b.c.i.u.g.PublishedGradleVersions - Gradle version information cache is up-to-date. Trying to read.
2021-07-01 15:43:54,973 [Worker-1: Loading available Gradle versions] INFO  o.e.b.c.i.u.g.PublishedGradleVersions - Gradle version information cache is up-to-date. Trying to read.
2021-07-01 15:44:47,725 [Worker-3: Building workspace] WARN  o.e.m.c.i.embedder.EclipseLogger - Using platform encoding (MS949 actually) to copy filtered resources, i.e. build is platform dependent!
2021-07-01 15:44:47,727 [Worker-3: Building workspace] INFO  o.e.m.c.i.embedder.EclipseLogger - skip non existing resourceDirectory C:\Users\qkdlf\Project\back-end\Spring5\spring5fs\sp5-chap02\src\main\resources
2021-07-01 15:44:47,743 [Worker-3: Building workspace] WARN  o.e.m.c.i.embedder.EclipseLogger - Using platform encoding (MS949 actually) to copy filtered resources, i.e. build is platform dependent!
2021-07-01 15:44:47,746 [Worker-3: Building workspace] INFO  o.e.m.c.i.embedder.EclipseLogger - skip non existing resourceDirectory C:\Users\qkdlf\Project\back-end\Spring5\spring5fs\sp5-chap02\src\test\resources
2021-07-01 15:44:49,911 [Worker-4: Building workspace] WARN  o.e.m.c.i.embedder.EclipseLogger - Using platform encoding (MS949 actually) to copy filtered resources, i.e. build is platform dependent!
2021-07-01 15:44:49,914 [Worker-4: Building workspace] INFO  o.e.m.c.i.embedder.EclipseLogger - skip non existing resourceDirectory C:\Users\qkdlf\Project\back-end\Spring5\spring5fs\sp5-chap02\src\main\resources
2021-07-01 15:44:49,916 [Worker-4: Building workspace] WARN  o.e.m.c.i.embedder.EclipseLogger - Using platform encoding (MS949 actually) to copy filtered resources, i.e. build is platform dependent!
2021-07-01 15:44:49,918 [Worker-4: Building workspace] INFO  o.e.m.c.i.embedder.EclipseLogger - skip non existing resourceDirectory C:\Users\qkdlf\Project\back-end\Spring5\spring5fs\sp5-chap02\src\test\resources
2021-07-01 15:45:10,291 [Worker-6: Building workspace] WARN  o.e.m.c.i.embedder.EclipseLogger - Using platform encoding (MS949 actually) to copy filtered resources, i.e. build is platform dependent!
2021-07-01 15:45:10,292 [Worker-6: Building workspace] INFO  o.e.m.c.i.embedder.EclipseLogger - skip non existing resourceDirectory C:\Users\qkdlf\Project\back-end\Spring5\spring5fs\sp5-chap02\src\main\resources
2021-07-01 15:45:10,294 [Worker-6: Building workspace] WARN  o.e.m.c.i.embedder.EclipseLogger - Using platform encoding (MS949 actually) to copy filtered resources, i.e. build is platform dependent!
2021-07-01 15:45:10,295 [Worker-6: Building workspace] INFO  o.e.m.c.i.embedder.EclipseLogger - skip non existing resourceDirectory C:\Users\qkdlf\Project\back-end\Spring5\spring5fs\sp5-chap02\src\test\resources
2021-07-01 15:45:30,069 [Worker-6: Building workspace] WARN  o.e.m.c.i.embedder.EclipseLogger - Using platform encoding (MS949 actually) to copy filtered resources, i.e. build is platform dependent!
2021-07-01 15:45:30,070 [Worker-6: Building workspace] INFO  o.e.m.c.i.embedder.EclipseLogger - skip non existing resourceDirectory C:\Users\qkdlf\Project\back-end\Spring5\spring5fs\sp5-chap02\src\main\resources
2021-07-01 15:45:30,072 [Worker-6: Building workspace] WARN  o.e.m.c.i.embedder.EclipseLogger - Using platform encoding (MS949 actually) to copy filtered resources, i.e. build is platform dependent!
2021-07-01 15:45:30,073 [Worker-6: Building workspace] INFO  o.e.m.c.i.embedder.EclipseLogger - skip non existing resourceDirectory C:\Users\qkdlf\Project\back-end\Spring5\spring5fs\sp5-chap02\src\test\resources
2021-07-01 15:45:54,302 [Worker-11: Building workspace] WARN  o.e.m.c.i.embedder.EclipseLogger - Using platform encoding (MS949 actually) to copy filtered resources, i.e. build is platform dependent!
2021-07-01 15:45:54,304 [Worker-11: Building workspace] INFO  o.e.m.c.i.embedder.EclipseLogger - skip non existing resourceDirectory C:\Users\qkdlf\Project\back-end\Spring5\spring5fs\sp5-chap02\src\main\resources
2021-07-01 15:45:54,306 [Worker-11: Building workspace] WARN  o.e.m.c.i.embedder.EclipseLogger - Using platform encoding (MS949 actually) to copy filtered resources, i.e. build is platform dependent!
2021-07-01 15:45:54,308 [Worker-11: Building workspace] INFO  o.e.m.c.i.embedder.EclipseLogger - skip non existing resourceDirectory C:\Users\qkdlf\Project\back-end\Spring5\spring5fs\sp5-chap02\src\test\resources
2021-07-01 15:45:58,859 [Worker-4: Building workspace] WARN  o.e.m.c.i.embedder.EclipseLogger - Using platform encoding (MS949 actually) to copy filtered resources, i.e. build is platform dependent!
2021-07-01 15:45:58,861 [Worker-4: Building workspace] INFO  o.e.m.c.i.embedder.EclipseLogger - skip non existing resourceDirectory C:\Users\qkdlf\Project\back-end\Spring5\spring5fs\sp5-chap02\src\main\resources
2021-07-01 15:45:58,863 [Worker-4: Building workspace] WARN  o.e.m.c.i.embedder.EclipseLogger - Using platform encoding (MS949 actually) to copy filtered resources, i.e. build is platform dependent!
2021-07-01 15:45:58,864 [Worker-4: Building workspace] INFO  o.e.m.c.i.embedder.EclipseLogger - skip non existing resourceDirectory C:\Users\qkdlf\Project\back-end\Spring5\spring5fs\sp5-chap02\src\test\resources
2021-07-01 15:47:08,823 [Worker-13: Building workspace] WARN  o.e.m.c.i.embedder.EclipseLogger - Using platform encoding (MS949 actually) to copy filtered resources, i.e. build is platform dependent!
2021-07-01 15:47:08,825 [Worker-13: Building workspace] INFO  o.e.m.c.i.embedder.EclipseLogger - skip non existing resourceDirectory C:\Users\qkdlf\Project\back-end\Spring5\spring5fs\sp5-chap02\src\main\resources
2021-07-01 15:47:08,826 [Worker-13: Building workspace] WARN  o.e.m.c.i.embedder.EclipseLogger - Using platform encoding (MS949 actually) to copy filtered resources, i.e. build is platform dependent!
2021-07-01 15:47:08,829 [Worker-13: Building workspace] INFO  o.e.m.c.i.embedder.EclipseLogger - skip non existing resourceDirectory C:\Users\qkdlf\Project\back-end\Spring5\spring5fs\sp5-chap02\src\test\resources
2021-07-01 15:59:59,028 [Worker-1: Loading available Gradle versions] INFO  o.e.b.c.i.u.g.PublishedGradleVersions - Gradle version information cache is up-to-date. Trying to read.
2021-07-01 16:00:32,251 [Worker-3: Loading available Gradle versions] INFO  o.e.b.c.i.u.g.PublishedGradleVersions - Gradle version information cache is up-to-date. Trying to read.
2021-07-01 16:01:45,318 [Worker-0: Loading available Gradle versions] INFO  o.e.b.c.i.u.g.PublishedGradleVersions - Gradle version information cache is up-to-date. Trying to read.
2021-07-01 16:03:13,698 [Worker-0: Loading available Gradle versions] INFO  o.e.b.c.i.u.g.PublishedGradleVersions - Gradle version information cache is up-to-date. Trying to read.
2021-07-01 16:06:01,206 [Worker-4: Loading available Gradle versions] INFO  o.e.b.c.i.u.g.PublishedGradleVersions - Gradle version information cache is up-to-date. Trying to read.
2021-07-01 16:11:12,184 [Worker-3: Loading available Gradle versions] INFO  o.e.b.c.i.u.g.PublishedGradleVersions - Gradle version information cache is up-to-date. Trying to read.
2021-07-01 16:14:45,320 [Worker-11: Importing Maven projects] INFO  o.e.m.c.i.l.LifecycleMappingFactory - Using org.eclipse.m2e.jdt.JarLifecycleMapping lifecycle mapping for MavenProject: sp5:sp5-chap02:0.0.1-SNAPSHOT @ C:\Users\qkdlf\Project\back-end\Spring5\spring5fs\sp5-chap02\pom.xml.
2021-07-01 16:14:46,309 [Worker-11: Importing Maven projects] INFO  o.e.m.j.i.AbstractJavaProjectConfigurator - Adding source folder /sp5-chap02/src/main/java
2021-07-01 16:14:46,310 [Worker-11: Importing Maven projects] INFO  o.e.m.j.i.AbstractJavaProjectConfigurator - Adding source folder /sp5-chap02/src/test/java
2021-07-01 16:14:46,604 [Worker-11: Importing Maven projects] INFO  o.e.m.c.i.p.ProjectConfigurationManager - Imported and configured 1 project(s) in 2 sec
2021-07-01 16:14:47,316 [Worker-6: Building workspace] WARN  o.e.m.c.i.embedder.EclipseLogger - Using platform encoding (MS949 actually) to copy filtered resources, i.e. build is platform dependent!
2021-07-01 16:14:47,319 [Worker-6: Building workspace] INFO  o.e.m.c.i.embedder.EclipseLogger - skip non existing resourceDirectory C:\Users\qkdlf\Project\back-end\Spring5\spring5fs\sp5-chap02\src\main\resources
2021-07-01 16:14:47,323 [Worker-6: Building workspace] WARN  o.e.m.c.i.embedder.EclipseLogger - Using platform encoding (MS949 actually) to copy filtered resources, i.e. build is platform dependent!
2021-07-01 16:14:47,325 [Worker-6: Building workspace] INFO  o.e.m.c.i.embedder.EclipseLogger - skip non existing resourceDirectory C:\Users\qkdlf\Project\back-end\Spring5\spring5fs\sp5-chap02\src\test\resources
2021-07-01 16:15:04,946 [Worker-6: Building workspace] WARN  o.e.m.c.i.embedder.EclipseLogger - Using platform encoding (MS949 actually) to copy filtered resources, i.e. build is platform dependent!
2021-07-01 16:15:04,947 [Worker-6: Building workspace] INFO  o.e.m.c.i.embedder.EclipseLogger - skip non existing resourceDirectory C:\Users\qkdlf\Project\back-end\Spring5\spring5fs\sp5-chap02\src\main\resources
2021-07-01 16:15:04,949 [Worker-6: Building workspace] WARN  o.e.m.c.i.embedder.EclipseLogger - Using platform encoding (MS949 actually) to copy filtered resources, i.e. build is platform dependent!
2021-07-01 16:15:04,950 [Worker-6: Building workspace] INFO  o.e.m.c.i.embedder.EclipseLogger - skip non existing resourceDirectory C:\Users\qkdlf\Project\back-end\Spring5\spring5fs\sp5-chap02\src\test\resources
2021-07-01 16:15:27,698 [Worker-16: Building workspace] WARN  o.e.m.c.i.embedder.EclipseLogger - Using platform encoding (MS949 actually) to copy filtered resources, i.e. build is platform dependent!
2021-07-01 16:15:27,700 [Worker-16: Building workspace] INFO  o.e.m.c.i.embedder.EclipseLogger - skip non existing resourceDirectory C:\Users\qkdlf\Project\back-end\Spring5\spring5fs\sp5-chap02\src\main\resources
2021-07-01 16:15:27,702 [Worker-16: Building workspace] WARN  o.e.m.c.i.embedder.EclipseLogger - Using platform encoding (MS949 actually) to copy filtered resources, i.e. build is platform dependent!
2021-07-01 16:15:27,703 [Worker-16: Building workspace] INFO  o.e.m.c.i.embedder.EclipseLogger - skip non existing resourceDirectory C:\Users\qkdlf\Project\back-end\Spring5\spring5fs\sp5-chap02\src\test\resources
2021-07-01 16:16:20,486 [Worker-11: Building workspace] WARN  o.e.m.c.i.embedder.EclipseLogger - Using platform encoding (MS949 actually) to copy filtered resources, i.e. build is platform dependent!
2021-07-01 16:16:20,488 [Worker-11: Building workspace] INFO  o.e.m.c.i.embedder.EclipseLogger - skip non existing resourceDirectory C:\Users\qkdlf\Project\back-end\Spring5\spring5fs\sp5-chap02\src\main\resources
2021-07-01 16:16:20,491 [Worker-11: Building workspace] WARN  o.e.m.c.i.embedder.EclipseLogger - Using platform encoding (MS949 actually) to copy filtered resources, i.e. build is platform dependent!
2021-07-01 16:16:20,493 [Worker-11: Building workspace] INFO  o.e.m.c.i.embedder.EclipseLogger - skip non existing resourceDirectory C:\Users\qkdlf\Project\back-end\Spring5\spring5fs\sp5-chap02\src\test\resources
2021-07-01 16:21:15,185 [Worker-19: Building workspace] WARN  o.e.m.c.i.embedder.EclipseLogger - Using platform encoding (MS949 actually) to copy filtered resources, i.e. build is platform dependent!
2021-07-01 16:21:15,187 [Worker-19: Building workspace] INFO  o.e.m.c.i.embedder.EclipseLogger - skip non existing resourceDirectory C:\Users\qkdlf\Project\back-end\Spring5\spring5fs\sp5-chap02\src\main\resources
2021-07-01 16:21:15,189 [Worker-19: Building workspace] WARN  o.e.m.c.i.embedder.EclipseLogger - Using platform encoding (MS949 actually) to copy filtered resources, i.e. build is platform dependent!
2021-07-01 16:21:15,191 [Worker-19: Building workspace] INFO  o.e.m.c.i.embedder.EclipseLogger - skip non existing resourceDirectory C:\Users\qkdlf\Project\back-end\Spring5\spring5fs\sp5-chap02\src\test\resources
2021-07-01 16:21:20,299 [Worker-11: Building workspace] WARN  o.e.m.c.i.embedder.EclipseLogger - Using platform encoding (MS949 actually) to copy filtered resources, i.e. build is platform dependent!
2021-07-01 16:21:20,301 [Worker-11: Building workspace] INFO  o.e.m.c.i.embedder.EclipseLogger - skip non existing resourceDirectory C:\Users\qkdlf\Project\back-end\Spring5\spring5fs\sp5-chap02\src\main\resources
2021-07-01 16:21:20,303 [Worker-11: Building workspace] WARN  o.e.m.c.i.embedder.EclipseLogger - Using platform encoding (MS949 actually) to copy filtered resources, i.e. build is platform dependent!
2021-07-01 16:21:20,305 [Worker-11: Building workspace] INFO  o.e.m.c.i.embedder.EclipseLogger - skip non existing resourceDirectory C:\Users\qkdlf\Project\back-end\Spring5\spring5fs\sp5-chap02\src\test\resources
2021-07-01 16:21:24,138 [Worker-20: Building workspace] WARN  o.e.m.c.i.embedder.EclipseLogger - Using platform encoding (MS949 actually) to copy filtered resources, i.e. build is platform dependent!
2021-07-01 16:21:24,140 [Worker-20: Building workspace] INFO  o.e.m.c.i.embedder.EclipseLogger - skip non existing resourceDirectory C:\Users\qkdlf\Project\back-end\Spring5\spring5fs\sp5-chap02\src\main\resources
2021-07-01 16:21:24,141 [Worker-20: Building workspace] WARN  o.e.m.c.i.embedder.EclipseLogger - Using platform encoding (MS949 actually) to copy filtered resources, i.e. build is platform dependent!
2021-07-01 16:21:24,143 [Worker-20: Building workspace] INFO  o.e.m.c.i.embedder.EclipseLogger - skip non existing resourceDirectory C:\Users\qkdlf\Project\back-end\Spring5\spring5fs\sp5-chap02\src\test\resources
2021-07-01 16:21:35,663 [Worker-16: Building workspace] WARN  o.e.m.c.i.embedder.EclipseLogger - Using platform encoding (MS949 actually) to copy filtered resources, i.e. build is platform dependent!
2021-07-01 16:21:35,665 [Worker-16: Building workspace] INFO  o.e.m.c.i.embedder.EclipseLogger - skip non existing resourceDirectory C:\Users\qkdlf\Project\back-end\Spring5\spring5fs\sp5-chap02\src\main\resources
2021-07-01 16:21:35,669 [Worker-16: Building workspace] WARN  o.e.m.c.i.embedder.EclipseLogger - Using platform encoding (MS949 actually) to copy filtered resources, i.e. build is platform dependent!
2021-07-01 16:21:35,670 [Worker-16: Building workspace] INFO  o.e.m.c.i.embedder.EclipseLogger - skip non existing resourceDirectory C:\Users\qkdlf\Project\back-end\Spring5\spring5fs\sp5-chap02\src\test\resources
2021-07-01 21:08:52,252 [Worker-2: Loading available Gradle versions] INFO  o.e.b.c.i.u.g.PublishedGradleVersions - Gradle version information cache is up-to-date. Trying to read.
2021-07-02 11:09:42,298 [Worker-2: Loading available Gradle versions] INFO  o.e.b.c.i.u.g.PublishedGradleVersions - Gradle version information cache is up-to-date. Trying to read.
